<?xml version="1.0" encoding="UTF-8"?>
<!-- Generated by org.testng.reporters.JUnitReportReporter -->
<testsuite hostname="IRENEs-MacBook-Pro.local" failures="0" tests="1" name="test.TestOfStore" time="12.035" errors="0" timestamp="2022-03-15T16:57:58 CST" skipped="0">
  <testcase classname="test.TestOfStore" name="SamsumgGalaxys6Test" time="12.035"/>
  <system-out/>
</testsuite> <!-- test.TestOfStore -->
